/Library/Java/JavaVirtualMachines/jdk-11.0.1.jdk/Contents/Home/bin/java -ea -Didea.test.cyclic.buffer.size=1048576 "-javaagent:/Applications/IntelliJ IDEA CE.app/Contents/lib/idea_rt.jar=63834:/Applications/IntelliJ IDEA CE.app/Contents/bin" -Dfile.encoding=UTF-8 -classpath "/Applications/IntelliJ IDEA CE.app/Contents/lib/idea_rt.jar:/Applications/IntelliJ IDEA CE.app/Contents/plugins/testng/lib/testng-plugin.jar:/Users/bobbuford/Documents/Data/mpdx-qa/kms/mpdx-apk/target/classes:/Users/bobbuford/.m2/repository/org/testng/testng/6.14.3/testng-6.14.3.jar:/Users/bobbuford/.m2/repository/com/beust/jcommander/1.72/jcommander-1.72.jar:/Users/bobbuford/.m2/repository/org/apache-extras/beanshell/bsh/2.0b6/bsh-2.0b6.jar:/Users/bobbuford/.m2/repository/io/appium/java-client/6.1.0/java-client-6.1.0.jar:/Users/bobbuford/.m2/repository/org/seleniumhq/selenium/selenium-support/3.12.0/selenium-support-3.12.0.jar:/Users/bobbuford/.m2/repository/org/seleniumhq/selenium/selenium-api/3.12.0/selenium-api-3.12.0.jar:/Users/bobbuford/.m2/repository/com/google/code/gson/gson/2.8.4/gson-2.8.4.jar:/Users/bobbuford/.m2/repository/org/apache/httpcomponents/httpclient/4.5.5/httpclient-4.5.5.jar:/Users/bobbuford/.m2/repository/cglib/cglib/3.2.6/cglib-3.2.6.jar:/Users/bobbuford/.m2/repository/org/ow2/asm/asm/6.0/asm-6.0.jar:/Users/bobbuford/.m2/repository/org/apache/ant/ant/1.9.6/ant-1.9.6.jar:/Users/bobbuford/.m2/repository/org/apache/ant/ant-launcher/1.9.6/ant-launcher-1.9.6.jar:/Users/bobbuford/.m2/repository/commons-validator/commons-validator/1.6/commons-validator-1.6.jar:/Users/bobbuford/.m2/repository/commons-beanutils/commons-beanutils/1.9.2/commons-beanutils-1.9.2.jar:/Users/bobbuford/.m2/repository/commons-digester/commons-digester/1.8.1/commons-digester-1.8.1.jar:/Users/bobbuford/.m2/repository/commons-collections/commons-collections/3.2.2/commons-collections-3.2.2.jar:/Users/bobbuford/.m2/repository/org/apache/commons/commons-lang3/3.7/commons-lang3-3.7.jar:/Users/bobbuford/.m2/repository/commons-io/commons-io/2.6/commons-io-2.6.jar:/Users/bobbuford/.m2/repository/org/springframework/spring-context/5.0.5.RELEASE/spring-context-5.0.5.RELEASE.jar:/Users/bobbuford/.m2/repository/org/springframework/spring-aop/5.0.5.RELEASE/spring-aop-5.0.5.RELEASE.jar:/Users/bobbuford/.m2/repository/org/springframework/spring-beans/5.0.5.RELEASE/spring-beans-5.0.5.RELEASE.jar:/Users/bobbuford/.m2/repository/org/springframework/spring-core/5.0.5.RELEASE/spring-core-5.0.5.RELEASE.jar:/Users/bobbuford/.m2/repository/org/springframework/spring-jcl/5.0.5.RELEASE/spring-jcl-5.0.5.RELEASE.jar:/Users/bobbuford/.m2/repository/org/springframework/spring-expression/5.0.5.RELEASE/spring-expression-5.0.5.RELEASE.jar:/Users/bobbuford/.m2/repository/org/aspectj/aspectjweaver/1.9.1/aspectjweaver-1.9.1.jar:/Users/bobbuford/.m2/repository/org/openpnp/opencv/3.2.0-1/opencv-3.2.0-1.jar:/Users/bobbuford/.m2/repository/org/seleniumhq/selenium/selenium-java/3.12.0/selenium-java-3.12.0.jar:/Users/bobbuford/.m2/repository/org/seleniumhq/selenium/selenium-chrome-driver/3.12.0/selenium-chrome-driver-3.12.0.jar:/Users/bobbuford/.m2/repository/org/seleniumhq/selenium/selenium-edge-driver/3.12.0/selenium-edge-driver-3.12.0.jar:/Users/bobbuford/.m2/repository/org/seleniumhq/selenium/selenium-firefox-driver/3.12.0/selenium-firefox-driver-3.12.0.jar:/Users/bobbuford/.m2/repository/org/seleniumhq/selenium/selenium-ie-driver/3.12.0/selenium-ie-driver-3.12.0.jar:/Users/bobbuford/.m2/repository/org/seleniumhq/selenium/selenium-opera-driver/3.12.0/selenium-opera-driver-3.12.0.jar:/Users/bobbuford/.m2/repository/org/seleniumhq/selenium/selenium-remote-driver/3.12.0/selenium-remote-driver-3.12.0.jar:/Users/bobbuford/.m2/repository/org/seleniumhq/selenium/selenium-safari-driver/3.12.0/selenium-safari-driver-3.12.0.jar:/Users/bobbuford/.m2/repository/net/bytebuddy/byte-buddy/1.8.3/byte-buddy-1.8.3.jar:/Users/bobbuford/.m2/repository/org/apache/commons/commons-exec/1.3/commons-exec-1.3.jar:/Users/bobbuford/.m2/repository/commons-codec/commons-codec/1.10/commons-codec-1.10.jar:/Users/bobbuford/.m2/repository/commons-logging/commons-logging/1.2/commons-logging-1.2.jar:/Users/bobbuford/.m2/repository/org/apache/httpcomponents/httpcore/4.4.6/httpcore-4.4.6.jar:/Users/bobbuford/.m2/repository/com/squareup/okhttp3/okhttp/3.9.1/okhttp-3.9.1.jar:/Users/bobbuford/.m2/repository/com/squareup/okio/okio/1.13.0/okio-1.13.0.jar:/Users/bobbuford/.m2/repository/com/google/guava/guava/22.0/guava-22.0.jar:/Users/bobbuford/.m2/repository/com/google/code/findbugs/jsr305/1.3.9/jsr305-1.3.9.jar:/Users/bobbuford/.m2/repository/com/google/errorprone/error_prone_annotations/2.0.18/error_prone_annotations-2.0.18.jar:/Users/bobbuford/.m2/repository/com/google/j2objc/j2objc-annotations/1.1/j2objc-annotations-1.1.jar:/Users/bobbuford/.m2/repository/org/codehaus/mojo/animal-sniffer-annotations/1.14/animal-sniffer-annotations-1.14.jar:/Applications/IntelliJ IDEA CE.app/Contents/plugins/testng/lib/jcommander.jar" org.testng.RemoteTestNGStarter -usedefaultlisteners false -socket63833 @w@/private/var/folders/j0/jgh32bkj6kzczf2ptl77prmw0000gp/T/idea_working_dirs_testng.tmp -temp /private/var/folders/j0/jgh32bkj6kzczf2ptl77prmw0000gp/T/idea_testng.tmp
Mar 22, 2019 6:56:08 AM io.appium.java_client.remote.AppiumCommandExecutor$1 lambda$0
INFO: Detected dialect: OSS
Kobiton Session: https://portal.kobiton.com/sessions/684633
Step 1: Click get start
Step 2: Enter a 4 digit mobile unlock code
Step 3: Click confirm pin
Step 4: Enter email address 
Step 5: Enter password
Step 6: Click Sign In button
Step 7: Click Authorize button
Step 8: Enter your mobile unlock code
Step 9: Click unlock with pin button
Step 9: Click add new contact
Step 10: Enter contact info
Step 11: Enter primary address
Step 12: Enter communications info
Step 12: Click add person info
Step 13: Enter search person
Step 14: Email to a person
Step 15: Log task
Step 16: Back to dashboard
Step 17: Sign out
Note: To run automation on device S8 & S9, we need to enable the navigation bar (To be shown always at the bottom of the screen - No Automatic hide). Once this is done, appium is able to pick it up and tap it.

Wait for element by: By.xpath: //android.widget.Button[@resource-id='org.mpdx:id/get_started_button']
Click on element: By.xpath: //android.widget.Button[@resource-id='org.mpdx:id/get_started_button']
Wait for element by: By.xpath: //android.widget.EditText[@resource-id='org.mpdx:id/enroll_pin_edittext']
Enter value: By.xpath: //android.widget.EditText[@resource-id='org.mpdx:id/enroll_pin_edittext']
Wait for element by: By.xpath: //android.widget.Button[@resource-id='org.mpdx:id/confirm_pin_button']
Click on element: By.xpath: //android.widget.Button[@resource-id='org.mpdx:id/confirm_pin_button']
Wait for element by: By.xpath: //android.widget.EditText[@resource-id='username']
Enter value: By.xpath: //android.widget.EditText[@resource-id='username']
Wait for element by: By.xpath: //android.widget.EditText[@resource-id='password']
Enter value: By.xpath: //android.widget.EditText[@resource-id='password']
Wait for element by: By.xpath: //android.widget.Button[@text='SIGN IN']
Click on element: By.xpath: //android.widget.Button[@text='SIGN IN']
Wait for element by: By.xpath: //android.widget.Button[@text='AUTHORIZE']
Click on element: By.xpath: //android.widget.Button[@text='AUTHORIZE']
Wait for element by: By.xpath: //android.widget.EditText[@resource-id='org.mpdx:id/unlock_pin_edittext']
Enter value: By.xpath: //android.widget.EditText[@resource-id='org.mpdx:id/unlock_pin_edittext']
Wait for element by: By.xpath: //android.widget.Button[@resource-id='org.mpdx:id/unlock_pin_button']
Click on element: By.xpath: //android.widget.Button[@resource-id='org.mpdx:id/unlock_pin_button']
Wait for element by: By.xpath: //android.widget.ProgressBar
Wait for element by: By.xpath: //android.widget.TextView[@text='dashboard']
Wait for element by: By.xpath: //android.widget.TextView[@text='dashboard']
Wait for element by: By.xpath: //android.widget.TextView[@text='dashboard']
Wait for element by: By.xpath: //android.widget.TextView[@text='dashboard']
Wait for element by: By.xpath: //android.widget.TextView[@text='dashboard']
Wait for element by: By.xpath: //android.widget.ImageButton[@resource-id='org.mpdx:id/fab']
Click on element: By.xpath: //android.widget.ImageButton[@resource-id='org.mpdx:id/fab']
Wait for element by: By.xpath: //android.widget.TextView[@resource-id='org.mpdx:id/title_view' and @text='new contact']
Click on element: By.xpath: //android.widget.TextView[@resource-id='org.mpdx:id/title_view' and @text='new contact']
Wait for element by: By.xpath: //android.widget.EditText[@resource-id='org.mpdx:id/edit_name']
Enter value: By.xpath: //android.widget.EditText[@resource-id='org.mpdx:id/edit_name']
Wait for element by: By.xpath: //android.widget.TextView[@resource-id='android:id/text1' and @text='Both']
Click on element: By.xpath: //android.widget.TextView[@resource-id='android:id/text1' and @text='Both']

org.openqa.selenium.NoSuchElementException: An element could not be located on the page using the given search parameters. (WARNING: The server did not provide any stacktrace information)
Command duration or timeout: 0 milliseconds
For documentation on this error, please visit: http://seleniumhq.org/exceptions/no_such_element.html
Build info: version: '3.12.0', revision: '7c6e0b3', time: '2018-05-08T14:04:26.12Z'
System info: host: 'lhgcoltp9at09.net.ccci.org', ip: 'fe80:0:0:0:c7:762:c916:e071%en0', os.name: 'Mac OS X', os.arch: 'x86_64', os.version: '10.14.3', java.version: '11.0.1'
Driver info: io.appium.java_client.android.AndroidDriver
Capabilities {app: /Users/kobiton/Library/Appl..., appActivity: org.mpdx.features.splash.Sp..., appOS: ANDROID, appPackage: org.mpdx, appUrl: https://kobiton-us-east.s3...., appVersionId: 28971, appWaitActivity: org.mpdx.features.onboardin..., autoAcceptAlerts: true, autoGrantPermissions: true, automationName: UiAutomator2, captureScreenshots: true, chromedriverExecutableDir: /Applications/Kobiton.app/C..., databaseEnabled: false, desired: {app: /Users/kobiton/Library/Appl..., appActivity: org.mpdx.features.splash.Sp..., appOS: ANDROID, appPackage: org.mpdx, appUrl: https://kobiton-us-east.s3...., appVersionId: 28971, appWaitActivity: org.mpdx.features.onboardin..., autoAcceptAlerts: true, autoGrantPermissions: true, automationName: UiAutomator2, captureScreenshots: true, chromedriverExecutableDir: /Applications/Kobiton.app/C..., deviceGroup: KOBITON, deviceName: Galaxy S7*, deviceOrientation: portrait, fullReset: false, groupId: 421, newCommandTimeout: 120, noReset: true, orientation: PORTRAIT, platformName: Android, platformVersion: 8.*, resetKeyboard: true, sessionDescription: Test run 1, sessionName: Automation test session, systemPort: 18408, udid: ad051703c00eccc2e5, unicodeKeyboard: true}, deviceApiLevel: 26, deviceGroup: KOBITON, deviceManufacturer: samsung, deviceModel: SM-G935F, deviceName: ad051703c00eccc2e5, deviceOrientation: portrait, deviceScreenDensity: 480, deviceScreenSize: 1080x1920, deviceUDID: ad051703c00eccc2e5, fullReset: false, groupId: 421, javascriptEnabled: true, kobitonSessionId: 684633, locationContextEnabled: false, networkConnectionEnabled: true, newCommandTimeout: 120, noReset: true, orientation: PORTRAIT, pixelRatio: 3, platform: LINUX, platformName: Android, platformVersion: 8.0.0, resetKeyboard: true, sessionDescription: Test run 1, sessionName: Automation test session, statBarHeight: 72, systemPort: 18408, takesScreenshot: true, udid: ad051703c00eccc2e5, unicodeKeyboard: true, versions: {appiumVersion: 1.9.1, nodeVersion: v7.4.0}, viewportRect: {height: 1848, left: 0, top: 72, width: 1080}, warnings: {}, webStorageEnabled: false}
Session ID: 39566412-ed19-4554-afa1-1c39e3a15f86
*** Element info: {Using=xpath, value=//android.widget.TextView[@resource-id='android:id/text1' and @text='Both']}

	at java.base/jdk.internal.reflect.NativeConstructorAccessorImpl.newInstance0(Native Method)
	at java.base/jdk.internal.reflect.NativeConstructorAccessorImpl.newInstance(NativeConstructorAccessorImpl.java:62)
	at java.base/jdk.internal.reflect.DelegatingConstructorAccessorImpl.newInstance(DelegatingConstructorAccessorImpl.java:45)
	at java.base/java.lang.reflect.Constructor.newInstance(Constructor.java:490)
	at org.openqa.selenium.remote.ErrorHandler.createThrowable(ErrorHandler.java:214)
	at org.openqa.selenium.remote.ErrorHandler.throwIfResponseFailed(ErrorHandler.java:166)
	at org.openqa.selenium.remote.http.JsonHttpResponseCodec.reconstructValue(JsonHttpResponseCodec.java:40)
	at org.openqa.selenium.remote.http.AbstractHttpResponseCodec.decode(AbstractHttpResponseCodec.java:80)
	at org.openqa.selenium.remote.http.AbstractHttpResponseCodec.decode(AbstractHttpResponseCodec.java:44)
	at org.openqa.selenium.remote.HttpCommandExecutor.execute(HttpCommandExecutor.java:158)
	at io.appium.java_client.remote.AppiumCommandExecutor.execute(AppiumCommandExecutor.java:231)
	at org.openqa.selenium.remote.RemoteWebDriver.execute(RemoteWebDriver.java:543)
	at io.appium.java_client.DefaultGenericMobileDriver.execute(DefaultGenericMobileDriver.java:42)
	at io.appium.java_client.AppiumDriver.execute(AppiumDriver.java:1)
	at io.appium.java_client.android.AndroidDriver.execute(AndroidDriver.java:1)
	at org.openqa.selenium.remote.RemoteWebDriver.findElement(RemoteWebDriver.java:317)
	at io.appium.java_client.DefaultGenericMobileDriver.findElement(DefaultGenericMobileDriver.java:62)
	at io.appium.java_client.AppiumDriver.findElement(AppiumDriver.java:1)
	at io.appium.java_client.android.AndroidDriver.findElement(AndroidDriver.java:1)
	at org.openqa.selenium.remote.RemoteWebDriver.findElementByXPath(RemoteWebDriver.java:419)
	at io.appium.java_client.DefaultGenericMobileDriver.findElementByXPath(DefaultGenericMobileDriver.java:152)
	at io.appium.java_client.AppiumDriver.findElementByXPath(AppiumDriver.java:1)
	at io.appium.java_client.android.AndroidDriver.findElementByXPath(AndroidDriver.java:1)
	at org.openqa.selenium.By$ByXPath.findElement(By.java:353)
	at org.openqa.selenium.remote.RemoteWebDriver.findElement(RemoteWebDriver.java:309)
	at io.appium.java_client.DefaultGenericMobileDriver.findElement(DefaultGenericMobileDriver.java:58)
	at io.appium.java_client.AppiumDriver.findElement(AppiumDriver.java:1)
	at io.appium.java_client.android.AndroidDriver.findElement(AndroidDriver.java:1)
	at CRUTest.click(CRUTest.java:376)
	at CRUTest.testAndroidApp(CRUTest.java:173)
	at java.base/jdk.internal.reflect.NativeMethodAccessorImpl.invoke0(Native Method)
	at java.base/jdk.internal.reflect.NativeMethodAccessorImpl.invoke(NativeMethodAccessorImpl.java:62)
	at java.base/jdk.internal.reflect.DelegatingMethodAccessorImpl.invoke(DelegatingMethodAccessorImpl.java:43)
	at java.base/java.lang.reflect.Method.invoke(Method.java:566)
	at org.testng.internal.MethodInvocationHelper.invokeMethod(MethodInvocationHelper.java:124)
	at org.testng.internal.Invoker.invokeMethod(Invoker.java:583)
	at org.testng.internal.Invoker.invokeTestMethod(Invoker.java:719)
	at org.testng.internal.Invoker.invokeTestMethods(Invoker.java:989)
	at org.testng.internal.TestMethodWorker.invokeTestMethods(TestMethodWorker.java:125)
	at org.testng.internal.TestMethodWorker.run(TestMethodWorker.java:109)
	at org.testng.TestRunner.privateRun(TestRunner.java:648)
	at org.testng.TestRunner.run(TestRunner.java:505)
	at org.testng.SuiteRunner.runTest(SuiteRunner.java:455)
	at org.testng.SuiteRunner.runSequentially(SuiteRunner.java:450)
	at org.testng.SuiteRunner.privateRun(SuiteRunner.java:415)
	at org.testng.SuiteRunner.run(SuiteRunner.java:364)
	at org.testng.SuiteRunnerWorker.runSuite(SuiteRunnerWorker.java:52)
	at org.testng.SuiteRunnerWorker.run(SuiteRunnerWorker.java:84)
	at org.testng.TestNG.runSuitesSequentially(TestNG.java:1208)
	at org.testng.TestNG.runSuitesLocally(TestNG.java:1137)
	at org.testng.TestNG.runSuites(TestNG.java:1049)
	at org.testng.TestNG.run(TestNG.java:1017)
	at org.testng.IDEARemoteTestNG.run(IDEARemoteTestNG.java:73)
	at org.testng.RemoteTestNGStarter.main(RemoteTestNGStarter.java:123)


===============================================
Default Suite
Total tests run: 1, Failures: 1, Skips: 0
===============================================


Process finished with exit code 0
